<?xml version="1.0" encoding="UTF-8"?>
<testng-results ignored="4" total="5" passed="1" failed="0" skipped="0">
  <reporter-output>
  </reporter-output>
  <suite started-at="2023-07-20T18:57:12 PDT" name="Suite" finished-at="2023-07-20T18:57:14 PDT" duration-ms="1946">
    <groups>
    </groups>
    <test started-at="2023-07-20T18:57:12 PDT" name="Test" finished-at="2023-07-20T18:57:14 PDT" duration-ms="1946">
      <class name="com.test.scripts.EmpAPIScripts">
        <test-method is-config="true" signature="init()[pri:0, instance:com.test.scripts.EmpAPIScripts@7e3f95fe]" started-at="2023-07-20T18:57:12 PDT" name="init" finished-at="2023-07-20T18:57:12 PDT" duration-ms="429" status="PASS">
          <reporter-output>
          </reporter-output>
        </test-method> <!-- init -->
        <test-method signature="getAllEmployees()[pri:1, instance:com.test.scripts.EmpAPIScripts@7e3f95fe]" started-at="2023-07-20T18:57:12 PDT" name="getAllEmployees" finished-at="2023-07-20T18:57:14 PDT" duration-ms="1321" status="PASS">
          <reporter-output>
          </reporter-output>
        </test-method> <!-- getAllEmployees -->
      </class> <!-- com.test.scripts.EmpAPIScripts -->
    </test> <!-- Test -->
  </suite> <!-- Suite -->
</testng-results>
