<?xml version="1.0" encoding="UTF-8"?>
<!-- Generated by org.testng.reporters.JUnitXMLReporter -->
<testsuite ignored="4" hostname="Geetha" failures="0" tests="1" name="Test" time="1.946" errors="0" timestamp="2023-07-20T18:57:14 PDT">
  <testcase classname="com.test.scripts.EmpAPIScripts" name="getAllEmployees" time="1.321"/>
  <testcase classname="com.test.scripts.EmpAPIScripts" name="createEmployeeRec" time="0.0">
    <ignored/>
  </testcase> <!-- createEmployeeRec -->
  <testcase classname="com.test.scripts.EmpAPIScripts" name="deleteIDNotExists" time="0.0">
    <ignored/>
  </testcase> <!-- deleteIDNotExists -->
  <testcase classname="com.test.scripts.EmpAPIScripts" name="deleteByID" time="0.0">
    <ignored/>
  </testcase> <!-- deleteByID -->
  <testcase classname="com.test.scripts.EmpAPIScripts" name="getEmployee" time="0.0">
    <ignored/>
  </testcase> <!-- getEmployee -->
</testsuite> <!-- Test -->
